Determining if the pthread_create exist failed with the following output:
Change Dir: /home/justin/gitrepos/gamer/cmake-modules/CMakeFiles/CMakeTmp

Run Build Command:"/usr/bin/make" "cmTC_a3989/fast"
/usr/bin/make -f CMakeFiles/cmTC_a3989.dir/build.make CMakeFiles/cmTC_a3989.dir/build
make[1]: Entering directory '/home/justin/gitrepos/gamer/cmake-modules/CMakeFiles/CMakeTmp'
Building C object CMakeFiles/cmTC_a3989.dir/CheckSymbolExists.c.o
/usr/bin/cc   -fPIE   -o CMakeFiles/cmTC_a3989.dir/CheckSymbolExists.c.o   -c /home/justin/gitrepos/gamer/cmake-modules/CMakeFiles/CMakeTmp/CheckSymbolExists.c
Linking C executable cmTC_a3989
/usr/bin/cmake -E cmake_link_script CMakeFiles/cmTC_a3989.dir/link.txt --verbose=1
/usr/bin/cc      -rdynamic CMakeFiles/cmTC_a3989.dir/CheckSymbolExists.c.o  -o cmTC_a3989 
CMakeFiles/cmTC_a3989.dir/CheckSymbolExists.c.o: In function `main':
CheckSymbolExists.c:(.text+0x1b): undefined reference to `pthread_create'
collect2: error: ld returned 1 exit status
CMakeFiles/cmTC_a3989.dir/build.make:97: recipe for target 'cmTC_a3989' failed
make[1]: *** [cmTC_a3989] Error 1
make[1]: Leaving directory '/home/justin/gitrepos/gamer/cmake-modules/CMakeFiles/CMakeTmp'
Makefile:126: recipe for target 'cmTC_a3989/fast' failed
make: *** [cmTC_a3989/fast] Error 2

File /home/justin/gitrepos/gamer/cmake-modules/CMakeFiles/CMakeTmp/CheckSymbolExists.c:
/* */
#include <pthread.h>

int main(int argc, char** argv)
{
  (void)argv;
#ifndef pthread_create
  return ((int*)(&pthread_create))[argc];
#else
  (void)argc;
  return 0;
#endif
}

Determining if the function pthread_create exists in the pthreads failed with the following output:
Change Dir: /home/justin/gitrepos/gamer/cmake-modules/CMakeFiles/CMakeTmp

Run Build Command:"/usr/bin/make" "cmTC_c9fb6/fast"
/usr/bin/make -f CMakeFiles/cmTC_c9fb6.dir/build.make CMakeFiles/cmTC_c9fb6.dir/build
make[1]: Entering directory '/home/justin/gitrepos/gamer/cmake-modules/CMakeFiles/CMakeTmp'
Building C object CMakeFiles/cmTC_c9fb6.dir/CheckFunctionExists.c.o
/usr/bin/cc   -DCHECK_FUNCTION_EXISTS=pthread_create -fPIE   -o CMakeFiles/cmTC_c9fb6.dir/CheckFunctionExists.c.o   -c /usr/share/cmake-3.10/Modules/CheckFunctionExists.c
Linking C executable cmTC_c9fb6
/usr/bin/cmake -E cmake_link_script CMakeFiles/cmTC_c9fb6.dir/link.txt --verbose=1
/usr/bin/cc  -DCHECK_FUNCTION_EXISTS=pthread_create    -rdynamic CMakeFiles/cmTC_c9fb6.dir/CheckFunctionExists.c.o  -o cmTC_c9fb6 -lpthreads 
/usr/bin/ld: cannot find -lpthreads
collect2: error: ld returned 1 exit status
CMakeFiles/cmTC_c9fb6.dir/build.make:97: recipe for target 'cmTC_c9fb6' failed
make[1]: *** [cmTC_c9fb6] Error 1
make[1]: Leaving directory '/home/justin/gitrepos/gamer/cmake-modules/CMakeFiles/CMakeTmp'
Makefile:126: recipe for target 'cmTC_c9fb6/fast' failed
make: *** [cmTC_c9fb6/fast] Error 2


